<?xml version="1.0" encoding="UTF-8"?>
<!-- Generated by org.testng.reporters.JUnitReportReporter -->
<testsuite hostname="DESKTOP-R4U4K06" failures="0" tests="1" name="PackageLearnMaven.ProjectMavenDemo.BaseTest" time="13.572" errors="0" timestamp="2020-01-15T14:35:49 IST" skipped="0">
  <testcase classname="PackageLearnMaven.ProjectMavenDemo.BaseTest" name="browserlaunch" time="13.572"/>
</testsuite> <!-- PackageLearnMaven.ProjectMavenDemo.BaseTest -->
